{"C:\\Users\\AnnaB\\Desktop\\rest-api-use\\postcss.config.js": {"path":"C:\\Users\\AnnaB\\Desktop\\rest-api-use\\postcss.config.js","all":true,"statementMap":{"0":{"start":{"line":1,"column":0},"end":{"line":1,"column":16}},"1":{"start":{"line":2,"column":0},"end":{"line":2,"column":12}},"2":{"start":{"line":3,"column":0},"end":{"line":3,"column":20}},"3":{"start":{"line":4,"column":0},"end":{"line":4,"column":21}},"4":{"start":{"line":5,"column":0},"end":{"line":5,"column":4}},"5":{"start":{"line":6,"column":0},"end":{"line":6,"column":1}}},"s":{"0":0,"1":0,"2":0,"3":0,"4":0,"5":0},"branchMap":{"0":{"type":"branch","line":1,"loc":{"start":{"line":1,"column":0},"end":{"line":6,"column":-11}},"locations":[{"start":{"line":1,"column":0},"end":{"line":6,"column":-11}}]}},"b":{"0":[0]},"fnMap":{"0":{"name":"(empty-report)","decl":{"start":{"line":1,"column":0},"end":{"line":6,"column":-11}},"loc":{"start":{"line":1,"column":0},"end":{"line":6,"column":-11}},"line":1}},"f":{"0":0}}
,"C:\\Users\\AnnaB\\Desktop\\rest-api-use\\tailwind.config.js": {"path":"C:\\Users\\AnnaB\\Desktop\\rest-api-use\\tailwind.config.js","all":true,"statementMap":{"0":{"start":{"line":1,"column":0},"end":{"line":1,"column":43}},"1":{"start":{"line":2,"column":0},"end":{"line":2,"column":16}},"2":{"start":{"line":3,"column":0},"end":{"line":3,"column":42}},"3":{"start":{"line":4,"column":0},"end":{"line":4,"column":10}},"4":{"start":{"line":5,"column":0},"end":{"line":5,"column":15}},"5":{"start":{"line":6,"column":0},"end":{"line":6,"column":4}},"6":{"start":{"line":7,"column":0},"end":{"line":7,"column":14}},"7":{"start":{"line":8,"column":0},"end":{"line":8,"column":1}}},"s":{"0":0,"1":0,"2":0,"3":0,"4":0,"5":0,"6":0,"7":0},"branchMap":{"0":{"type":"branch","line":1,"loc":{"start":{"line":1,"column":0},"end":{"line":8,"column":-13}},"locations":[{"start":{"line":1,"column":0},"end":{"line":8,"column":-13}}]}},"b":{"0":[0]},"fnMap":{"0":{"name":"(empty-report)","decl":{"start":{"line":1,"column":0},"end":{"line":8,"column":-13}},"loc":{"start":{"line":1,"column":0},"end":{"line":8,"column":-13}},"line":1}},"f":{"0":0}}
,"C:\\Users\\AnnaB\\Desktop\\rest-api-use\\src\\App.tsx": {"path":"C:\\Users\\AnnaB\\Desktop\\rest-api-use\\src\\App.tsx","all":false,"statementMap":{"0":{"start":{"line":1,"column":0},"end":{"line":1,"column":8}},"15":{"start":{"line":16,"column":0},"end":{"line":16,"column":45}},"17":{"start":{"line":18,"column":0},"end":{"line":18,"column":31}},"18":{"start":{"line":19,"column":0},"end":{"line":19,"column":10}},"19":{"start":{"line":20,"column":0},"end":{"line":20,"column":46}},"20":{"start":{"line":21,"column":0},"end":{"line":21,"column":38}},"21":{"start":{"line":22,"column":0},"end":{"line":22,"column":45}},"22":{"start":{"line":23,"column":0},"end":{"line":23,"column":20}},"23":{"start":{"line":24,"column":0},"end":{"line":24,"column":21}},"24":{"start":{"line":25,"column":0},"end":{"line":25,"column":20}},"25":{"start":{"line":26,"column":0},"end":{"line":26,"column":23}},"26":{"start":{"line":27,"column":0},"end":{"line":27,"column":22}},"27":{"start":{"line":28,"column":0},"end":{"line":28,"column":25}},"29":{"start":{"line":30,"column":0},"end":{"line":30,"column":19}},"30":{"start":{"line":31,"column":0},"end":{"line":31,"column":14}},"31":{"start":{"line":32,"column":0},"end":{"line":32,"column":75}},"32":{"start":{"line":33,"column":0},"end":{"line":33,"column":18}},"33":{"start":{"line":34,"column":0},"end":{"line":34,"column":31}},"34":{"start":{"line":35,"column":0},"end":{"line":35,"column":14}},"35":{"start":{"line":36,"column":0},"end":{"line":36,"column":12}},"36":{"start":{"line":37,"column":0},"end":{"line":37,"column":26}},"38":{"start":{"line":39,"column":0},"end":{"line":39,"column":1}}},"s":{"0":1,"15":1,"17":0,"18":0,"19":0,"20":0,"21":0,"22":0,"23":0,"24":0,"25":0,"26":0,"27":0,"29":0,"30":0,"31":0,"32":0,"33":0,"34":0,"35":0,"36":0,"38":0},"branchMap":{},"b":{},"fnMap":{"0":{"name":"App","decl":{"start":{"line":18,"column":0},"end":{"line":39,"column":1}},"loc":{"start":{"line":18,"column":0},"end":{"line":39,"column":1}},"line":18}},"f":{"0":0}}
,"C:\\Users\\AnnaB\\Desktop\\rest-api-use\\src\\main.tsx": {"path":"C:\\Users\\AnnaB\\Desktop\\rest-api-use\\src\\main.tsx","all":true,"statementMap":{"0":{"start":{"line":1,"column":0},"end":{"line":1,"column":35}},"1":{"start":{"line":2,"column":0},"end":{"line":2,"column":46}},"2":{"start":{"line":3,"column":0},"end":{"line":3,"column":28}},"3":{"start":{"line":4,"column":0},"end":{"line":4,"column":21}},"4":{"start":{"line":5,"column":0},"end":{"line":5,"column":39}},"5":{"start":{"line":6,"column":0},"end":{"line":6,"column":41}},"7":{"start":{"line":8,"column":0},"end":{"line":8,"column":52}},"8":{"start":{"line":9,"column":0},"end":{"line":9,"column":14}},"9":{"start":{"line":10,"column":0},"end":{"line":10,"column":28}},"10":{"start":{"line":11,"column":0},"end":{"line":11,"column":13}},"11":{"start":{"line":12,"column":0},"end":{"line":12,"column":15}},"12":{"start":{"line":13,"column":0},"end":{"line":13,"column":15}},"13":{"start":{"line":14,"column":0},"end":{"line":14,"column":2}}},"s":{"0":0,"1":0,"2":0,"3":0,"4":0,"5":0,"7":0,"8":0,"9":0,"10":0,"11":0,"12":0,"13":0},"branchMap":{"0":{"type":"branch","line":1,"loc":{"start":{"line":1,"column":362},"end":{"line":14,"column":2}},"locations":[{"start":{"line":1,"column":362},"end":{"line":14,"column":2}}]}},"b":{"0":[0]},"fnMap":{"0":{"name":"(empty-report)","decl":{"start":{"line":1,"column":362},"end":{"line":14,"column":2}},"loc":{"start":{"line":1,"column":362},"end":{"line":14,"column":2}},"line":1}},"f":{"0":0}}
,"C:\\Users\\AnnaB\\Desktop\\rest-api-use\\src\\components\\ActionDescription.tsx": {"path":"C:\\Users\\AnnaB\\Desktop\\rest-api-use\\src\\components\\ActionDescription.tsx","all":false,"statementMap":{"0":{"start":{"line":1,"column":0},"end":{"line":1,"column":48}},"4":{"start":{"line":5,"column":0},"end":{"line":5,"column":45}},"5":{"start":{"line":6,"column":0},"end":{"line":6,"column":65}},"6":{"start":{"line":7,"column":0},"end":{"line":7,"column":55}},"8":{"start":{"line":9,"column":0},"end":{"line":9,"column":71}},"10":{"start":{"line":11,"column":0},"end":{"line":11,"column":60}},"11":{"start":{"line":12,"column":0},"end":{"line":12,"column":26}},"12":{"start":{"line":13,"column":0},"end":{"line":13,"column":5}},"14":{"start":{"line":15,"column":0},"end":{"line":15,"column":10}},"15":{"start":{"line":16,"column":0},"end":{"line":16,"column":29}},"16":{"start":{"line":17,"column":0},"end":{"line":17,"column":21}},"17":{"start":{"line":18,"column":0},"end":{"line":18,"column":10}},"19":{"start":{"line":20,"column":0},"end":{"line":20,"column":1}}},"s":{"0":1,"4":3,"5":3,"6":3,"8":3,"10":3,"11":3,"12":3,"14":3,"15":3,"16":3,"17":3,"19":3},"branchMap":{"0":{"type":"branch","line":5,"loc":{"start":{"line":5,"column":0},"end":{"line":20,"column":1}},"locations":[{"start":{"line":5,"column":0},"end":{"line":20,"column":1}}]},"1":{"type":"branch","line":9,"loc":{"start":{"line":9,"column":61},"end":{"line":9,"column":71}},"locations":[{"start":{"line":9,"column":61},"end":{"line":9,"column":71}}]},"2":{"type":"branch","line":6,"loc":{"start":{"line":6,"column":38},"end":{"line":6,"column":63}},"locations":[{"start":{"line":6,"column":38},"end":{"line":6,"column":63}}]},"3":{"type":"branch","line":7,"loc":{"start":{"line":7,"column":31},"end":{"line":7,"column":53}},"locations":[{"start":{"line":7,"column":31},"end":{"line":7,"column":53}}]}},"b":{"0":[3],"1":[0],"2":[6],"3":[6]},"fnMap":{"0":{"name":"ActionDescription","decl":{"start":{"line":5,"column":0},"end":{"line":20,"column":1}},"loc":{"start":{"line":5,"column":0},"end":{"line":20,"column":1}},"line":5}},"f":{"0":3}}
,"C:\\Users\\AnnaB\\Desktop\\rest-api-use\\src\\components\\Button.tsx": {"path":"C:\\Users\\AnnaB\\Desktop\\rest-api-use\\src\\components\\Button.tsx","all":false,"statementMap":{"0":{"start":{"line":1,"column":0},"end":{"line":1,"column":36}},"9":{"start":{"line":10,"column":0},"end":{"line":10,"column":64}},"10":{"start":{"line":11,"column":0},"end":{"line":11,"column":69}},"14":{"start":{"line":15,"column":0},"end":{"line":15,"column":35}},"15":{"start":{"line":16,"column":0},"end":{"line":16,"column":97}},"16":{"start":{"line":17,"column":0},"end":{"line":17,"column":266}},"17":{"start":{"line":18,"column":0},"end":{"line":18,"column":63}},"18":{"start":{"line":19,"column":0},"end":{"line":19,"column":4}},"20":{"start":{"line":21,"column":0},"end":{"line":21,"column":10}},"21":{"start":{"line":22,"column":0},"end":{"line":22,"column":56}},"22":{"start":{"line":23,"column":0},"end":{"line":23,"column":18}},"23":{"start":{"line":24,"column":0},"end":{"line":24,"column":13}},"25":{"start":{"line":26,"column":0},"end":{"line":26,"column":1}}},"s":{"0":1,"9":9,"10":9,"14":9,"15":9,"16":9,"17":9,"18":9,"20":9,"21":9,"22":9,"23":9,"25":9},"branchMap":{"0":{"type":"branch","line":10,"loc":{"start":{"line":10,"column":0},"end":{"line":26,"column":1}},"locations":[{"start":{"line":10,"column":0},"end":{"line":26,"column":1}}]},"1":{"type":"branch","line":11,"loc":{"start":{"line":11,"column":38},"end":{"line":11,"column":67}},"locations":[{"start":{"line":11,"column":38},"end":{"line":11,"column":67}}]}},"b":{"0":[9],"1":[19]},"fnMap":{"0":{"name":"Button","decl":{"start":{"line":10,"column":0},"end":{"line":26,"column":1}},"loc":{"start":{"line":10,"column":0},"end":{"line":26,"column":1}},"line":10}},"f":{"0":9}}
,"C:\\Users\\AnnaB\\Desktop\\rest-api-use\\src\\components\\Data.tsx": {"path":"C:\\Users\\AnnaB\\Desktop\\rest-api-use\\src\\components\\Data.tsx","all":false,"statementMap":{"0":{"start":{"line":1,"column":0},"end":{"line":1,"column":48}},"3":{"start":{"line":4,"column":0},"end":{"line":4,"column":32}},"4":{"start":{"line":5,"column":0},"end":{"line":5,"column":69}},"6":{"start":{"line":7,"column":0},"end":{"line":7,"column":10}},"7":{"start":{"line":8,"column":0},"end":{"line":8,"column":9}},"8":{"start":{"line":9,"column":0},"end":{"line":9,"column":19}},"10":{"start":{"line":11,"column":0},"end":{"line":11,"column":9}},"11":{"start":{"line":12,"column":0},"end":{"line":12,"column":51}},"12":{"start":{"line":13,"column":0},"end":{"line":13,"column":10}},"13":{"start":{"line":14,"column":0},"end":{"line":14,"column":10}},"15":{"start":{"line":16,"column":0},"end":{"line":16,"column":1}}},"s":{"0":1,"3":3,"4":3,"6":3,"7":3,"8":3,"10":3,"11":3,"12":3,"13":3,"15":3},"branchMap":{"0":{"type":"branch","line":4,"loc":{"start":{"line":4,"column":0},"end":{"line":16,"column":1}},"locations":[{"start":{"line":4,"column":0},"end":{"line":16,"column":1}}]},"1":{"type":"branch","line":5,"loc":{"start":{"line":5,"column":38},"end":{"line":5,"column":67}},"locations":[{"start":{"line":5,"column":38},"end":{"line":5,"column":67}}]}},"b":{"0":[3],"1":[5]},"fnMap":{"0":{"name":"Data","decl":{"start":{"line":4,"column":0},"end":{"line":16,"column":1}},"loc":{"start":{"line":4,"column":0},"end":{"line":16,"column":1}},"line":4}},"f":{"0":3}}
,"C:\\Users\\AnnaB\\Desktop\\rest-api-use\\src\\components\\DeleteBtn.tsx": {"path":"C:\\Users\\AnnaB\\Desktop\\rest-api-use\\src\\components\\DeleteBtn.tsx","all":false,"statementMap":{"0":{"start":{"line":1,"column":0},"end":{"line":1,"column":53}},"4":{"start":{"line":5,"column":0},"end":{"line":5,"column":37}},"5":{"start":{"line":6,"column":0},"end":{"line":6,"column":10}},"6":{"start":{"line":7,"column":0},"end":{"line":7,"column":92}},"8":{"start":{"line":9,"column":0},"end":{"line":9,"column":1}}},"s":{"0":1,"4":0,"5":0,"6":0,"8":0},"branchMap":{},"b":{},"fnMap":{"0":{"name":"DeleteBtn","decl":{"start":{"line":5,"column":0},"end":{"line":9,"column":1}},"loc":{"start":{"line":5,"column":0},"end":{"line":9,"column":1}},"line":5}},"f":{"0":0}}
,"C:\\Users\\AnnaB\\Desktop\\rest-api-use\\src\\components\\ExecuteBtn.tsx": {"path":"C:\\Users\\AnnaB\\Desktop\\rest-api-use\\src\\components\\ExecuteBtn.tsx","all":false,"statementMap":{"0":{"start":{"line":1,"column":0},"end":{"line":1,"column":53}},"7":{"start":{"line":8,"column":0},"end":{"line":8,"column":38}},"8":{"start":{"line":9,"column":0},"end":{"line":9,"column":69}},"9":{"start":{"line":10,"column":0},"end":{"line":10,"column":61}},"10":{"start":{"line":11,"column":0},"end":{"line":11,"column":29}},"11":{"start":{"line":12,"column":0},"end":{"line":12,"column":4}},"13":{"start":{"line":14,"column":0},"end":{"line":14,"column":60}},"14":{"start":{"line":15,"column":0},"end":{"line":15,"column":25}},"15":{"start":{"line":16,"column":0},"end":{"line":16,"column":13}},"16":{"start":{"line":17,"column":0},"end":{"line":17,"column":5}},"18":{"start":{"line":19,"column":0},"end":{"line":19,"column":9}},"19":{"start":{"line":20,"column":0},"end":{"line":20,"column":9}},"20":{"start":{"line":21,"column":0},"end":{"line":21,"column":32}},"21":{"start":{"line":22,"column":0},"end":{"line":22,"column":10}},"22":{"start":{"line":23,"column":0},"end":{"line":23,"column":12}},"23":{"start":{"line":24,"column":0},"end":{"line":24,"column":23}},"24":{"start":{"line":25,"column":0},"end":{"line":25,"column":19}},"25":{"start":{"line":26,"column":0},"end":{"line":26,"column":19}},"26":{"start":{"line":27,"column":0},"end":{"line":27,"column":23}},"27":{"start":{"line":28,"column":0},"end":{"line":28,"column":13}},"28":{"start":{"line":29,"column":0},"end":{"line":29,"column":55}},"29":{"start":{"line":30,"column":0},"end":{"line":30,"column":14}},"30":{"start":{"line":31,"column":0},"end":{"line":31,"column":8}},"31":{"start":{"line":32,"column":0},"end":{"line":32,"column":6}},"32":{"start":{"line":33,"column":0},"end":{"line":33,"column":55}},"34":{"start":{"line":35,"column":0},"end":{"line":35,"column":17}},"35":{"start":{"line":36,"column":0},"end":{"line":36,"column":78}},"37":{"start":{"line":38,"column":0},"end":{"line":38,"column":59}},"38":{"start":{"line":39,"column":0},"end":{"line":39,"column":1}}},"s":{"0":1,"7":3,"8":3,"9":3,"10":3,"11":3,"13":3,"14":3,"15":3,"16":3,"18":3,"19":3,"20":3,"21":3,"22":3,"23":3,"24":3,"25":1,"26":1,"27":1,"28":1,"29":1,"30":1,"31":1,"32":3,"34":3,"35":3,"37":3,"38":3},"branchMap":{"0":{"type":"branch","line":8,"loc":{"start":{"line":8,"column":0},"end":{"line":39,"column":1}},"locations":[{"start":{"line":8,"column":0},"end":{"line":39,"column":1}}]},"1":{"type":"branch","line":36,"loc":{"start":{"line":36,"column":19},"end":{"line":36,"column":45}},"locations":[{"start":{"line":36,"column":19},"end":{"line":36,"column":45}}]},"2":{"type":"branch","line":36,"loc":{"start":{"line":36,"column":41},"end":{"line":36,"column":78}},"locations":[{"start":{"line":36,"column":41},"end":{"line":36,"column":78}}]},"3":{"type":"branch","line":9,"loc":{"start":{"line":9,"column":38},"end":{"line":9,"column":67}},"locations":[{"start":{"line":9,"column":38},"end":{"line":9,"column":67}}]},"4":{"type":"branch","line":11,"loc":{"start":{"line":11,"column":4},"end":{"line":11,"column":29}},"locations":[{"start":{"line":11,"column":4},"end":{"line":11,"column":29}}]},"5":{"type":"branch","line":25,"loc":{"start":{"line":25,"column":12},"end":{"line":33,"column":5}},"locations":[{"start":{"line":25,"column":12},"end":{"line":33,"column":5}}]},"6":{"type":"branch","line":29,"loc":{"start":{"line":29,"column":19},"end":{"line":29,"column":55}},"locations":[{"start":{"line":29,"column":19},"end":{"line":29,"column":55}}]},"7":{"type":"branch","line":36,"loc":{"start":{"line":36,"column":27},"end":{"line":36,"column":45}},"locations":[{"start":{"line":36,"column":27},"end":{"line":36,"column":45}}]}},"b":{"0":[3],"1":[2],"2":[1],"3":[6],"4":[6],"5":[1],"6":[0],"7":[1]},"fnMap":{"0":{"name":"ExecuteBtn","decl":{"start":{"line":8,"column":0},"end":{"line":39,"column":1}},"loc":{"start":{"line":8,"column":0},"end":{"line":39,"column":1}},"line":8},"1":{"name":"ExecuteBtn.mutate.text","decl":{"start":{"line":36,"column":27},"end":{"line":36,"column":45}},"loc":{"start":{"line":36,"column":27},"end":{"line":36,"column":45}},"line":36},"2":{"name":"ExecuteBtn.onClick","decl":{"start":{"line":36,"column":45},"end":{"line":36,"column":78}},"loc":{"start":{"line":36,"column":45},"end":{"line":36,"column":78}},"line":36}},"f":{"0":3,"1":1,"2":0}}
,"C:\\Users\\AnnaB\\Desktop\\rest-api-use\\src\\components\\GetBtn.tsx": {"path":"C:\\Users\\AnnaB\\Desktop\\rest-api-use\\src\\components\\GetBtn.tsx","all":false,"statementMap":{"0":{"start":{"line":1,"column":0},"end":{"line":1,"column":53}},"4":{"start":{"line":5,"column":0},"end":{"line":5,"column":34}},"5":{"start":{"line":6,"column":0},"end":{"line":6,"column":10}},"6":{"start":{"line":7,"column":0},"end":{"line":7,"column":86}},"8":{"start":{"line":9,"column":0},"end":{"line":9,"column":1}}},"s":{"0":1,"4":2,"5":2,"6":2,"8":2},"branchMap":{"0":{"type":"branch","line":5,"loc":{"start":{"line":5,"column":0},"end":{"line":9,"column":1}},"locations":[{"start":{"line":5,"column":0},"end":{"line":9,"column":1}}]},"1":{"type":"branch","line":7,"loc":{"start":{"line":7,"column":38},"end":{"line":7,"column":84}},"locations":[{"start":{"line":7,"column":38},"end":{"line":7,"column":84}}]}},"b":{"0":[2],"1":[3]},"fnMap":{"0":{"name":"GetBtn","decl":{"start":{"line":5,"column":0},"end":{"line":9,"column":1}},"loc":{"start":{"line":5,"column":0},"end":{"line":9,"column":1}},"line":5},"1":{"name":"onClick","decl":{"start":{"line":7,"column":38},"end":{"line":7,"column":84}},"loc":{"start":{"line":7,"column":38},"end":{"line":7,"column":84}},"line":7}},"f":{"0":2,"1":3}}
,"C:\\Users\\AnnaB\\Desktop\\rest-api-use\\src\\components\\Input.tsx": {"path":"C:\\Users\\AnnaB\\Desktop\\rest-api-use\\src\\components\\Input.tsx","all":false,"statementMap":{"0":{"start":{"line":1,"column":0},"end":{"line":1,"column":50}},"13":{"start":{"line":14,"column":0},"end":{"line":14,"column":59}},"14":{"start":{"line":15,"column":0},"end":{"line":15,"column":34}},"16":{"start":{"line":17,"column":0},"end":{"line":17,"column":78}},"17":{"start":{"line":18,"column":0},"end":{"line":18,"column":2}},"28":{"start":{"line":29,"column":0},"end":{"line":29,"column":33}},"29":{"start":{"line":30,"column":0},"end":{"line":30,"column":74}},"30":{"start":{"line":31,"column":0},"end":{"line":31,"column":44}},"31":{"start":{"line":32,"column":0},"end":{"line":32,"column":22}},"32":{"start":{"line":33,"column":0},"end":{"line":33,"column":9}},"34":{"start":{"line":35,"column":0},"end":{"line":35,"column":10}},"35":{"start":{"line":36,"column":0},"end":{"line":36,"column":11}},"36":{"start":{"line":37,"column":0},"end":{"line":37,"column":56}},"37":{"start":{"line":38,"column":0},"end":{"line":38,"column":25}},"39":{"start":{"line":40,"column":0},"end":{"line":40,"column":14}},"40":{"start":{"line":41,"column":0},"end":{"line":41,"column":46}},"41":{"start":{"line":42,"column":0},"end":{"line":42,"column":20}},"42":{"start":{"line":43,"column":0},"end":{"line":43,"column":30}},"43":{"start":{"line":44,"column":0},"end":{"line":44,"column":27}},"44":{"start":{"line":45,"column":0},"end":{"line":45,"column":46}},"45":{"start":{"line":46,"column":0},"end":{"line":46,"column":12}},"46":{"start":{"line":47,"column":0},"end":{"line":47,"column":72}},"47":{"start":{"line":48,"column":0},"end":{"line":48,"column":68}},"49":{"start":{"line":50,"column":0},"end":{"line":50,"column":19}},"50":{"start":{"line":51,"column":0},"end":{"line":51,"column":15}},"52":{"start":{"line":53,"column":0},"end":{"line":53,"column":13}},"54":{"start":{"line":55,"column":0},"end":{"line":55,"column":1}}},"s":{"0":1,"13":1,"14":0,"16":0,"17":0,"28":0,"29":0,"30":0,"31":0,"32":0,"34":0,"35":0,"36":0,"37":0,"39":0,"40":0,"41":0,"42":0,"43":0,"44":0,"45":0,"46":0,"47":0,"49":0,"50":0,"52":0,"54":0},"branchMap":{},"b":{},"fnMap":{"0":{"name":"InputForm","decl":{"start":{"line":14,"column":18},"end":{"line":18,"column":2}},"loc":{"start":{"line":14,"column":18},"end":{"line":18,"column":2}},"line":14},"1":{"name":"Input","decl":{"start":{"line":29,"column":0},"end":{"line":55,"column":1}},"loc":{"start":{"line":29,"column":0},"end":{"line":55,"column":1}},"line":29}},"f":{"0":0,"1":0}}
,"C:\\Users\\AnnaB\\Desktop\\rest-api-use\\src\\components\\PatchBtn.tsx": {"path":"C:\\Users\\AnnaB\\Desktop\\rest-api-use\\src\\components\\PatchBtn.tsx","all":false,"statementMap":{"0":{"start":{"line":1,"column":0},"end":{"line":1,"column":30}},"4":{"start":{"line":5,"column":0},"end":{"line":5,"column":36}},"5":{"start":{"line":6,"column":0},"end":{"line":6,"column":95}},"6":{"start":{"line":7,"column":0},"end":{"line":7,"column":1}}},"s":{"0":1,"4":0,"5":0,"6":0},"branchMap":{},"b":{},"fnMap":{"0":{"name":"PatchBtn","decl":{"start":{"line":5,"column":0},"end":{"line":7,"column":1}},"loc":{"start":{"line":5,"column":0},"end":{"line":7,"column":1}},"line":5}},"f":{"0":0}}
,"C:\\Users\\AnnaB\\Desktop\\rest-api-use\\src\\components\\PostBtn.tsx": {"path":"C:\\Users\\AnnaB\\Desktop\\rest-api-use\\src\\components\\PostBtn.tsx","all":false,"statementMap":{"0":{"start":{"line":1,"column":0},"end":{"line":1,"column":36}},"6":{"start":{"line":7,"column":0},"end":{"line":7,"column":35}},"8":{"start":{"line":9,"column":0},"end":{"line":9,"column":30}},"9":{"start":{"line":10,"column":0},"end":{"line":10,"column":50}},"10":{"start":{"line":11,"column":0},"end":{"line":11,"column":6}},"11":{"start":{"line":12,"column":0},"end":{"line":12,"column":4}},"14":{"start":{"line":15,"column":0},"end":{"line":15,"column":55}},"15":{"start":{"line":16,"column":0},"end":{"line":16,"column":1}}},"s":{"0":1,"6":0,"8":0,"9":0,"10":0,"11":0,"14":0,"15":0},"branchMap":{},"b":{},"fnMap":{"0":{"name":"PostBtn","decl":{"start":{"line":7,"column":0},"end":{"line":16,"column":1}},"loc":{"start":{"line":7,"column":0},"end":{"line":16,"column":1}},"line":7}},"f":{"0":0}}
,"C:\\Users\\AnnaB\\Desktop\\rest-api-use\\src\\components\\PutBtn.tsx": {"path":"C:\\Users\\AnnaB\\Desktop\\rest-api-use\\src\\components\\PutBtn.tsx","all":false,"statementMap":{"0":{"start":{"line":1,"column":0},"end":{"line":1,"column":30}},"4":{"start":{"line":5,"column":0},"end":{"line":5,"column":34}},"5":{"start":{"line":6,"column":0},"end":{"line":6,"column":10}},"6":{"start":{"line":7,"column":0},"end":{"line":7,"column":11}},"7":{"start":{"line":8,"column":0},"end":{"line":8,"column":22}},"8":{"start":{"line":9,"column":0},"end":{"line":9,"column":60}},"9":{"start":{"line":10,"column":0},"end":{"line":10,"column":6}},"11":{"start":{"line":12,"column":0},"end":{"line":12,"column":1}}},"s":{"0":1,"4":0,"5":0,"6":0,"7":0,"8":0,"9":0,"11":0},"branchMap":{},"b":{},"fnMap":{"0":{"name":"PutBtn","decl":{"start":{"line":5,"column":0},"end":{"line":12,"column":1}},"loc":{"start":{"line":5,"column":0},"end":{"line":12,"column":1}},"line":5}},"f":{"0":0}}
,"C:\\Users\\AnnaB\\Desktop\\rest-api-use\\src\\components\\index.ts": {"path":"C:\\Users\\AnnaB\\Desktop\\rest-api-use\\src\\components\\index.ts","all":false,"statementMap":{"0":{"start":{"line":1,"column":0},"end":{"line":1,"column":26}}},"s":{"0":1},"branchMap":{},"b":{},"fnMap":{},"f":{}}
,"C:\\Users\\AnnaB\\Desktop\\rest-api-use\\src\\constants\\index.ts": {"path":"C:\\Users\\AnnaB\\Desktop\\rest-api-use\\src\\constants\\index.ts","all":false,"statementMap":{"4":{"start":{"line":5,"column":0},"end":{"line":5,"column":39}},"5":{"start":{"line":6,"column":0},"end":{"line":6,"column":40}},"6":{"start":{"line":7,"column":0},"end":{"line":7,"column":51}},"7":{"start":{"line":8,"column":0},"end":{"line":8,"column":48}},"8":{"start":{"line":9,"column":0},"end":{"line":9,"column":39}},"9":{"start":{"line":10,"column":0},"end":{"line":10,"column":65}},"10":{"start":{"line":11,"column":0},"end":{"line":11,"column":25}},"11":{"start":{"line":12,"column":0},"end":{"line":12,"column":40}},"14":{"start":{"line":15,"column":0},"end":{"line":15,"column":27}}},"s":{"4":1,"5":1,"6":1,"7":1,"8":1,"9":1,"10":1,"11":1,"14":1},"branchMap":{},"b":{},"fnMap":{},"f":{}}
,"C:\\Users\\AnnaB\\Desktop\\rest-api-use\\src\\redux\\errorHandler.tsx": {"path":"C:\\Users\\AnnaB\\Desktop\\rest-api-use\\src\\redux\\errorHandler.tsx","all":false,"statementMap":{"0":{"start":{"line":1,"column":0},"end":{"line":1,"column":35}},"3":{"start":{"line":4,"column":0},"end":{"line":4,"column":68}},"4":{"start":{"line":5,"column":0},"end":{"line":5,"column":7}},"5":{"start":{"line":6,"column":0},"end":{"line":6,"column":44}},"6":{"start":{"line":7,"column":0},"end":{"line":7,"column":32}},"7":{"start":{"line":8,"column":0},"end":{"line":8,"column":5}},"9":{"start":{"line":10,"column":0},"end":{"line":10,"column":24}},"10":{"start":{"line":11,"column":0},"end":{"line":11,"column":17}},"11":{"start":{"line":12,"column":0},"end":{"line":12,"column":34}},"12":{"start":{"line":13,"column":0},"end":{"line":13,"column":38}},"13":{"start":{"line":14,"column":0},"end":{"line":14,"column":5}},"15":{"start":{"line":16,"column":0},"end":{"line":16,"column":14}},"16":{"start":{"line":17,"column":0},"end":{"line":17,"column":3}},"17":{"start":{"line":18,"column":0},"end":{"line":18,"column":2}}},"s":{"0":1,"3":1,"4":4,"5":4,"6":0,"7":0,"9":4,"10":4,"11":0,"12":0,"13":0,"15":0,"16":0,"17":4},"branchMap":{"0":{"type":"branch","line":4,"loc":{"start":{"line":4,"column":34},"end":{"line":18,"column":2}},"locations":[{"start":{"line":4,"column":34},"end":{"line":18,"column":2}}]},"1":{"type":"branch","line":4,"loc":{"start":{"line":4,"column":45},"end":{"line":18,"column":2}},"locations":[{"start":{"line":4,"column":45},"end":{"line":18,"column":2}}]},"2":{"type":"branch","line":4,"loc":{"start":{"line":4,"column":55},"end":{"line":18,"column":2}},"locations":[{"start":{"line":4,"column":55},"end":{"line":18,"column":2}}]},"3":{"type":"branch","line":6,"loc":{"start":{"line":6,"column":43},"end":{"line":8,"column":5}},"locations":[{"start":{"line":6,"column":43},"end":{"line":8,"column":5}}]},"4":{"type":"branch","line":11,"loc":{"start":{"line":11,"column":2},"end":{"line":17,"column":3}},"locations":[{"start":{"line":11,"column":2},"end":{"line":17,"column":3}}]}},"b":{"0":[3],"1":[3],"2":[4],"3":[0],"4":[0]},"fnMap":{"0":{"name":"crashReporter","decl":{"start":{"line":4,"column":34},"end":{"line":18,"column":2}},"loc":{"start":{"line":4,"column":34},"end":{"line":18,"column":2}},"line":4}},"f":{"0":3}}
,"C:\\Users\\AnnaB\\Desktop\\rest-api-use\\src\\redux\\hooks.tsx": {"path":"C:\\Users\\AnnaB\\Desktop\\rest-api-use\\src\\redux\\hooks.tsx","all":false,"statementMap":{"0":{"start":{"line":1,"column":0},"end":{"line":1,"column":55}},"3":{"start":{"line":4,"column":0},"end":{"line":4,"column":67}},"4":{"start":{"line":5,"column":0},"end":{"line":5,"column":65}}},"s":{"0":1,"3":1,"4":1},"branchMap":{},"b":{},"fnMap":{},"f":{}}
,"C:\\Users\\AnnaB\\Desktop\\rest-api-use\\src\\redux\\mainSlice.tsx": {"path":"C:\\Users\\AnnaB\\Desktop\\rest-api-use\\src\\redux\\mainSlice.tsx","all":false,"statementMap":{"0":{"start":{"line":1,"column":0},"end":{"line":1,"column":8}},"41":{"start":{"line":42,"column":0},"end":{"line":42,"column":33}},"42":{"start":{"line":43,"column":0},"end":{"line":43,"column":19}},"43":{"start":{"line":44,"column":0},"end":{"line":44,"column":15}},"44":{"start":{"line":45,"column":0},"end":{"line":45,"column":71}},"45":{"start":{"line":46,"column":0},"end":{"line":46,"column":13}},"46":{"start":{"line":47,"column":0},"end":{"line":47,"column":20}},"47":{"start":{"line":48,"column":0},"end":{"line":48,"column":17}},"48":{"start":{"line":49,"column":0},"end":{"line":49,"column":4}},"49":{"start":{"line":50,"column":0},"end":{"line":50,"column":12}},"50":{"start":{"line":51,"column":0},"end":{"line":51,"column":2}},"52":{"start":{"line":53,"column":0},"end":{"line":53,"column":31}},"53":{"start":{"line":54,"column":0},"end":{"line":54,"column":15}},"54":{"start":{"line":55,"column":0},"end":{"line":55,"column":15}},"55":{"start":{"line":56,"column":0},"end":{"line":56,"column":13}},"56":{"start":{"line":57,"column":0},"end":{"line":57,"column":80}},"57":{"start":{"line":58,"column":0},"end":{"line":58,"column":75}},"58":{"start":{"line":59,"column":0},"end":{"line":59,"column":6}},"59":{"start":{"line":60,"column":0},"end":{"line":60,"column":55}},"60":{"start":{"line":61,"column":0},"end":{"line":61,"column":38}},"61":{"start":{"line":62,"column":0},"end":{"line":62,"column":6}},"64":{"start":{"line":65,"column":0},"end":{"line":65,"column":94}},"65":{"start":{"line":66,"column":0},"end":{"line":66,"column":31}},"66":{"start":{"line":67,"column":0},"end":{"line":67,"column":58}},"68":{"start":{"line":69,"column":0},"end":{"line":69,"column":62}},"69":{"start":{"line":70,"column":0},"end":{"line":70,"column":70}},"70":{"start":{"line":71,"column":0},"end":{"line":71,"column":32}},"71":{"start":{"line":72,"column":0},"end":{"line":72,"column":14}},"72":{"start":{"line":73,"column":0},"end":{"line":73,"column":33}},"73":{"start":{"line":74,"column":0},"end":{"line":74,"column":7}},"74":{"start":{"line":75,"column":0},"end":{"line":75,"column":6}},"75":{"start":{"line":76,"column":0},"end":{"line":76,"column":54}},"76":{"start":{"line":77,"column":0},"end":{"line":77,"column":35}},"77":{"start":{"line":78,"column":0},"end":{"line":78,"column":6}},"79":{"start":{"line":80,"column":0},"end":{"line":80,"column":50}},"80":{"start":{"line":81,"column":0},"end":{"line":81,"column":23}},"81":{"start":{"line":82,"column":0},"end":{"line":82,"column":6}},"82":{"start":{"line":83,"column":0},"end":{"line":83,"column":63}},"83":{"start":{"line":84,"column":0},"end":{"line":84,"column":56}},"84":{"start":{"line":85,"column":0},"end":{"line":85,"column":60}},"85":{"start":{"line":86,"column":0},"end":{"line":86,"column":68}},"86":{"start":{"line":87,"column":0},"end":{"line":87,"column":6}},"87":{"start":{"line":88,"column":0},"end":{"line":88,"column":4}},"88":{"start":{"line":89,"column":0},"end":{"line":89,"column":3}},"90":{"start":{"line":91,"column":0},"end":{"line":91,"column":14}},"91":{"start":{"line":92,"column":0},"end":{"line":92,"column":18}},"92":{"start":{"line":93,"column":0},"end":{"line":93,"column":21}},"93":{"start":{"line":94,"column":0},"end":{"line":94,"column":18}},"94":{"start":{"line":95,"column":0},"end":{"line":95,"column":13}},"95":{"start":{"line":96,"column":0},"end":{"line":96,"column":13}},"96":{"start":{"line":97,"column":0},"end":{"line":97,"column":17}},"97":{"start":{"line":98,"column":0},"end":{"line":98,"column":22}},"98":{"start":{"line":99,"column":0},"end":{"line":99,"column":33}}},"s":{"0":1,"41":1,"42":1,"43":1,"44":1,"45":1,"46":1,"47":1,"48":1,"49":1,"50":1,"52":1,"53":1,"54":1,"55":1,"56":1,"57":3,"58":3,"59":1,"60":0,"61":0,"64":1,"65":0,"66":0,"68":0,"69":0,"70":0,"71":0,"72":0,"73":0,"74":0,"75":1,"76":0,"77":0,"79":1,"80":0,"81":0,"82":1,"83":1,"84":1,"85":1,"86":1,"87":1,"88":1,"90":1,"91":1,"92":1,"93":1,"94":1,"95":1,"96":1,"97":1,"98":1},"branchMap":{"0":{"type":"branch","line":57,"loc":{"start":{"line":57,"column":4},"end":{"line":59,"column":6}},"locations":[{"start":{"line":57,"column":4},"end":{"line":59,"column":6}}]},"1":{"type":"branch","line":58,"loc":{"start":{"line":58,"column":50},"end":{"line":58,"column":72}},"locations":[{"start":{"line":58,"column":50},"end":{"line":58,"column":72}}]},"2":{"type":"branch","line":58,"loc":{"start":{"line":58,"column":62},"end":{"line":58,"column":75}},"locations":[{"start":{"line":58,"column":62},"end":{"line":58,"column":75}}]},"3":{"type":"branch","line":83,"loc":{"start":{"line":83,"column":4},"end":{"line":87,"column":6}},"locations":[{"start":{"line":83,"column":4},"end":{"line":87,"column":6}}]},"4":{"type":"branch","line":85,"loc":{"start":{"line":85,"column":28},"end":{"line":85,"column":47}},"locations":[{"start":{"line":85,"column":28},"end":{"line":85,"column":47}}]},"5":{"type":"branch","line":86,"loc":{"start":{"line":86,"column":37},"end":{"line":86,"column":56}},"locations":[{"start":{"line":86,"column":37},"end":{"line":86,"column":56}}]}},"b":{"0":[3],"1":[2],"2":[1],"3":[1],"4":[0],"5":[0]},"fnMap":{"0":{"name":"blueActionClick","decl":{"start":{"line":57,"column":4},"end":{"line":59,"column":6}},"loc":{"start":{"line":57,"column":4},"end":{"line":59,"column":6}},"line":57},"1":{"name":"uploadInputData","decl":{"start":{"line":60,"column":4},"end":{"line":62,"column":6}},"loc":{"start":{"line":60,"column":4},"end":{"line":62,"column":6}},"line":60},"2":{"name":"executeButtonClick","decl":{"start":{"line":65,"column":4},"end":{"line":75,"column":6}},"loc":{"start":{"line":65,"column":4},"end":{"line":75,"column":6}},"line":65},"3":{"name":"writeError","decl":{"start":{"line":76,"column":4},"end":{"line":78,"column":6}},"loc":{"start":{"line":76,"column":4},"end":{"line":78,"column":6}},"line":76},"4":{"name":"clearError","decl":{"start":{"line":80,"column":4},"end":{"line":82,"column":6}},"loc":{"start":{"line":80,"column":4},"end":{"line":82,"column":6}},"line":80},"5":{"name":"loadGetResponse","decl":{"start":{"line":83,"column":4},"end":{"line":87,"column":6}},"loc":{"start":{"line":83,"column":4},"end":{"line":87,"column":6}},"line":83}},"f":{"0":3,"1":0,"2":0,"3":0,"4":0,"5":1}}
,"C:\\Users\\AnnaB\\Desktop\\rest-api-use\\src\\redux\\store.ts": {"path":"C:\\Users\\AnnaB\\Desktop\\rest-api-use\\src\\redux\\store.ts","all":false,"statementMap":{"0":{"start":{"line":1,"column":0},"end":{"line":1,"column":57}},"4":{"start":{"line":5,"column":0},"end":{"line":5,"column":37}},"5":{"start":{"line":6,"column":0},"end":{"line":6,"column":23}},"6":{"start":{"line":7,"column":0},"end":{"line":7,"column":45}},"7":{"start":{"line":8,"column":0},"end":{"line":8,"column":2}}},"s":{"0":1,"4":1,"5":1,"6":1,"7":1},"branchMap":{"0":{"type":"branch","line":7,"loc":{"start":{"line":7,"column":14},"end":{"line":7,"column":45}},"locations":[{"start":{"line":7,"column":14},"end":{"line":7,"column":45}}]}},"b":{"0":[3]},"fnMap":{"0":{"name":"middleware","decl":{"start":{"line":7,"column":14},"end":{"line":7,"column":45}},"loc":{"start":{"line":7,"column":14},"end":{"line":7,"column":45}},"line":7}},"f":{"0":3}}
,"C:\\Users\\AnnaB\\Desktop\\rest-api-use\\src\\utils\\jsonHighlighter.tsx": {"path":"C:\\Users\\AnnaB\\Desktop\\rest-api-use\\src\\utils\\jsonHighlighter.tsx","all":false,"statementMap":{"0":{"start":{"line":1,"column":0},"end":{"line":1,"column":65}},"1":{"start":{"line":2,"column":0},"end":{"line":2,"column":27}},"2":{"start":{"line":3,"column":0},"end":{"line":3,"column":26}},"3":{"start":{"line":4,"column":0},"end":{"line":4,"column":26}},"4":{"start":{"line":5,"column":0},"end":{"line":5,"column":28}},"5":{"start":{"line":6,"column":0},"end":{"line":6,"column":29}},"7":{"start":{"line":8,"column":0},"end":{"line":8,"column":70}},"8":{"start":{"line":9,"column":0},"end":{"line":9,"column":12}},"9":{"start":{"line":10,"column":0},"end":{"line":10,"column":37}},"10":{"start":{"line":11,"column":0},"end":{"line":11,"column":16}},"11":{"start":{"line":12,"column":0},"end":{"line":12,"column":12}},"13":{"start":{"line":14,"column":0},"end":{"line":14,"column":5}},"15":{"start":{"line":16,"column":0},"end":{"line":16,"column":37}},"16":{"start":{"line":17,"column":0},"end":{"line":17,"column":1}}},"s":{"0":1,"1":3,"2":3,"3":3,"4":3,"5":3,"7":3,"8":2,"9":2,"10":2,"11":2,"13":3,"15":3,"16":3},"branchMap":{"0":{"type":"branch","line":1,"loc":{"start":{"line":1,"column":7},"end":{"line":17,"column":1}},"locations":[{"start":{"line":1,"column":7},"end":{"line":17,"column":1}}]},"1":{"type":"branch","line":8,"loc":{"start":{"line":8,"column":54},"end":{"line":14,"column":3}},"locations":[{"start":{"line":8,"column":54},"end":{"line":14,"column":3}}]}},"b":{"0":[3],"1":[2]},"fnMap":{"0":{"name":"JsonSyntaxHighlight","decl":{"start":{"line":1,"column":7},"end":{"line":17,"column":1}},"loc":{"start":{"line":1,"column":7},"end":{"line":17,"column":1}},"line":1}},"f":{"0":3}}
,"C:\\Users\\AnnaB\\Desktop\\rest-api-use\\src\\utils\\reactQuery.tsx": {"path":"C:\\Users\\AnnaB\\Desktop\\rest-api-use\\src\\utils\\reactQuery.tsx","all":false,"statementMap":{"0":{"start":{"line":1,"column":0},"end":{"line":1,"column":26}},"21":{"start":{"line":22,"column":0},"end":{"line":22,"column":54}},"22":{"start":{"line":23,"column":0},"end":{"line":23,"column":56}},"23":{"start":{"line":24,"column":0},"end":{"line":24,"column":20}},"24":{"start":{"line":25,"column":0},"end":{"line":25,"column":74}},"25":{"start":{"line":26,"column":0},"end":{"line":26,"column":5}},"27":{"start":{"line":28,"column":0},"end":{"line":28,"column":10}},"28":{"start":{"line":29,"column":0},"end":{"line":29,"column":48}},"29":{"start":{"line":30,"column":0},"end":{"line":30,"column":14}},"30":{"start":{"line":31,"column":0},"end":{"line":31,"column":10}},"31":{"start":{"line":32,"column":0},"end":{"line":32,"column":12}},"32":{"start":{"line":33,"column":0},"end":{"line":33,"column":4}},"33":{"start":{"line":34,"column":0},"end":{"line":34,"column":1}},"35":{"start":{"line":36,"column":0},"end":{"line":36,"column":20}},"36":{"start":{"line":37,"column":0},"end":{"line":37,"column":9}},"37":{"start":{"line":38,"column":0},"end":{"line":38,"column":16}},"38":{"start":{"line":39,"column":0},"end":{"line":39,"column":25}},"39":{"start":{"line":40,"column":0},"end":{"line":40,"column":52}},"40":{"start":{"line":41,"column":0},"end":{"line":41,"column":26}},"41":{"start":{"line":42,"column":0},"end":{"line":42,"column":43}},"42":{"start":{"line":43,"column":0},"end":{"line":43,"column":13}},"43":{"start":{"line":44,"column":0},"end":{"line":44,"column":23}},"44":{"start":{"line":45,"column":0},"end":{"line":45,"column":57}},"45":{"start":{"line":46,"column":0},"end":{"line":46,"column":55}},"46":{"start":{"line":47,"column":0},"end":{"line":47,"column":9}},"47":{"start":{"line":48,"column":0},"end":{"line":48,"column":5}},"49":{"start":{"line":50,"column":0},"end":{"line":50,"column":38}},"50":{"start":{"line":51,"column":0},"end":{"line":51,"column":1}}},"s":{"0":1,"21":3,"22":3,"23":3,"24":3,"25":3,"27":3,"28":3,"29":3,"30":3,"31":3,"32":3,"33":3,"35":3,"36":3,"37":3,"38":3,"39":3,"40":3,"41":3,"42":0,"43":0,"44":0,"45":0,"46":0,"47":3,"49":3,"50":3},"branchMap":{"0":{"type":"branch","line":22,"loc":{"start":{"line":22,"column":0},"end":{"line":34,"column":1}},"locations":[{"start":{"line":22,"column":0},"end":{"line":34,"column":1}}]},"1":{"type":"branch","line":29,"loc":{"start":{"line":29,"column":25},"end":{"line":29,"column":37}},"locations":[{"start":{"line":29,"column":25},"end":{"line":29,"column":37}}]},"2":{"type":"branch","line":25,"loc":{"start":{"line":25,"column":13},"end":{"line":25,"column":74}},"locations":[{"start":{"line":25,"column":13},"end":{"line":25,"column":74}}]},"3":{"type":"branch","line":36,"loc":{"start":{"line":36,"column":0},"end":{"line":51,"column":1}},"locations":[{"start":{"line":36,"column":0},"end":{"line":51,"column":1}}]}},"b":{"0":[3],"1":[0],"2":[1],"3":[3]},"fnMap":{"0":{"name":"useGet","decl":{"start":{"line":22,"column":0},"end":{"line":34,"column":1}},"loc":{"start":{"line":22,"column":0},"end":{"line":34,"column":1}},"line":22},"1":{"name":"queryFn","decl":{"start":{"line":25,"column":13},"end":{"line":25,"column":74}},"loc":{"start":{"line":25,"column":13},"end":{"line":25,"column":74}},"line":25},"2":{"name":"useMutate","decl":{"start":{"line":36,"column":0},"end":{"line":51,"column":1}},"loc":{"start":{"line":36,"column":0},"end":{"line":51,"column":1}},"line":36},"3":{"name":"mutationFn","decl":{"start":{"line":42,"column":16},"end":{"line":47,"column":9}},"loc":{"start":{"line":42,"column":16},"end":{"line":47,"column":9}},"line":42}},"f":{"0":3,"1":1,"2":3,"3":0}}
}
